[2025-06-12 13:56:01] INFO: Файл data.csv успешно загружен.
[2025-06-12 13:56:01] INFO: Маскированы поля: ['ФИО', 'адрес']
[2025-06-12 13:56:01] INFO: Удалены поля: ['email']
[2025-06-12 13:56:01] INFO: Обработанный файл сохранён: result.csv
[2025-06-12 15:02:31] INFO: Файл data.csv успешно загружен.
[2025-06-12 15:02:31] INFO: Маскированы поля: ['ФИО', 'адрес']
[2025-06-12 15:02:31] INFO: Удалены поля: ['email', 'телефон']
[2025-06-12 15:02:31] INFO: Обработанный файл сохранён: anonymized.csv
[2025-06-12 15:18:20] INFO: Файл data.csv успешно загружен.
[2025-06-12 15:18:20] INFO: Маскированы поля: ['Телефон']
[2025-06-12 15:18:20] INFO: Обработанный файл сохранён: 1.csv
[2025-06-12 15:22:52] INFO: Файл data.csv успешно загружен.
[2025-06-12 15:23:07] INFO: Маскированы поля: ['ФИО']
[2025-06-12 15:23:07] INFO: Удалены поля: ['email']
[2025-06-12 15:23:07] INFO: Обработанный файл сохранён: 1.csv
[2025-06-12 15:23:46] INFO: Файл data.csv успешно загружен.
[2025-06-12 15:24:02] INFO: Маскированы поля: ['ФИО', 'адрес']
[2025-06-12 15:24:02] INFO: Удалены поля: ['телефон']
[2025-06-12 15:24:02] INFO: Обработанный файл сохранён: 1.csv
[2025-06-12 15:24:30] INFO: Файл data.csv успешно загружен.
[2025-06-12 15:24:45] INFO: Маскированы поля: ['email', 'телефон']
[2025-06-12 15:24:45] INFO: Обработанный файл сохранён: 1.csv
[2025-06-12 15:25:17] INFO: Файл data.csv успешно загружен.
[2025-06-12 15:25:57] INFO: Файл data.csv успешно загружен.
[2025-06-12 15:26:04] INFO: Маскированы поля: [' дата_рождения']
[2025-06-12 15:26:04] INFO: Обработанный файл сохранён: 1.csv
[2025-06-12 16:26:17] INFO: Файл data.csv успешно загружен.
[2025-06-12 16:26:42] INFO: Подменены поля фиктивными значениями: ['ФИО']
[2025-06-12 16:26:46] INFO: Обработанный файл сохранён: 1.csv
[2025-06-12 16:39:44] INFO: Файл data.csv успешно загружен.
[2025-06-12 16:39:51] ERROR: Ошибка: Поля не поддерживаются для генерации фиктивных данных: ['телефон']
[2025-06-12 16:40:41] INFO: Файл data.csv успешно загружен.
[2025-06-12 16:40:44] INFO: Подменены поля фиктивными значениями: ['ФИО']
[2025-06-12 16:41:03] INFO: Обработанный файл сохранён: 1.csv
[2025-06-12 16:42:45] INFO: Файл sample_data.json успешно загружен.
[2025-06-12 16:42:45] INFO: Маскированы поля: ['ФИО', 'Адрес']
[2025-06-12 16:42:45] INFO: Обработанный файл сохранён: masked_data.json
[2025-06-12 16:42:56] INFO: Файл sample_data.json успешно загружен.
[2025-06-12 16:42:56] INFO: Удалены поля: ['Телефон']
[2025-06-12 16:42:56] INFO: Обработанный файл сохранён: removed_data.json
[2025-06-12 16:43:06] INFO: Файл sample_data.json успешно загружен.
[2025-06-12 16:43:06] INFO: Подменены поля фиктивными значениями: ['ФИО', 'Адрес']
[2025-06-12 16:43:06] INFO: Обработанный файл сохранён: fake_data.json
